<?xml version="1.0" encoding="UTF-8"?>
<!-- Generated by org.testng.reporters.JUnitReportReporter -->
<testsuite hostname="Mayura-Kale" failures="0" tests="10" name="testcases.LetsGetStartedPageTest" time="3.587" errors="0" timestamp="2023-07-21T15:49:18 IST" skipped="0">
  <testcase classname="testcases.LetsGetStartedPageTest" name="openHomePageValidation" time="1.645"/>
  <system-out/>
  <testcase classname="testcases.LetsGetStartedPageTest" name="headLineValidation" time="0.158"/>
  <system-out/>
  <testcase classname="testcases.LetsGetStartedPageTest" name="subHeadLineValidation" time="0.083"/>
  <system-out/>
  <testcase classname="testcases.LetsGetStartedPageTest" name="enterCompanyNameValidation" time="0.295"/>
  <system-out/>
  <testcase classname="testcases.LetsGetStartedPageTest" name="enterNameValidation" time="0.188"/>
  <system-out/>
  <testcase classname="testcases.LetsGetStartedPageTest" name="enterEmailValidation" time="0.202"/>
  <system-out/>
  <testcase classname="testcases.LetsGetStartedPageTest" name="selectDiscussionValidation" time="0.447"/>
  <system-out/>
  <testcase classname="testcases.LetsGetStartedPageTest" name="somethingElseLabelValidation" time="0.048"/>
  <system-out/>
  <testcase classname="testcases.LetsGetStartedPageTest" name="textboxSomethingElseValidation" time="0.444"/>
  <system-out/>
  <testcase classname="testcases.LetsGetStartedPageTest" name="submitButtonValidation" time="0.077"/>
  <system-out/>
</testsuite> <!-- testcases.LetsGetStartedPageTest -->
