<?xml version="1.0" encoding="UTF-8"?>
<!-- Generated by org.testng.reporters.JUnitReportReporter -->
<testsuite hostname="Mayura-Kale" failures="0" tests="4" name="testcases.HomePageTest" time="15.245" errors="0" timestamp="2023-07-21T15:49:18 IST" skipped="0">
  <testcase classname="testcases.HomePageTest" name="openHomePageValidation" time="13.083"/>
  <system-out/>
  <testcase classname="testcases.HomePageTest" name="scrollPageValidation" time="0.110"/>
  <system-out/>
  <testcase classname="testcases.HomePageTest" name="contactLinkValidation" time="1.950"/>
  <system-out/>
  <testcase classname="testcases.HomePageTest" name="contactLinkTextValidation" time="0.102"/>
  <system-out/>
</testsuite> <!-- testcases.HomePageTest -->
